2023-01-19 20:04:02.710 - DBeaver 22.3.2.202301060755 is starting
2023-01-19 20:04:02.710 - OS: Windows 10 10.0 (amd64)
2023-01-19 20:04:02.710 - Java version: 11.0.12 by Eclipse Foundation (64bit)
2023-01-19 20:04:02.710 - Install path: 'C:\GB_0900_KMG\dbms\oracle\resource\dbeaver'
2023-01-19 20:04:02.710 - Instance path: 'file:/C:/GB_0900_KMG/dbms/oracle/workspace/'
2023-01-19 20:04:02.710 - Memory available 64Mb/1024Mb
2023-01-19 20:04:02.725 - Create display
2023-01-19 20:04:02.837 - Initializing DBeaver 22.3.2
2023-01-19 20:04:02.837 - Host plugin: org.jkiss.dbeaver.ui.app.standalone 22.3.2.202301060755
2023-01-19 20:04:02.852 - Initialize desktop platform...
2023-01-19 20:04:03.019 - BounceCastle bundle found. Use JCE provider BC
> Start Core File Systems [org.eclipse.core.filesystem 1.9.500.v20220817-1539]
> Start Core Resource Management [org.eclipse.core.resources 3.18.100.v20221025-2047]
> Start DBeaver UI Navigator [org.jkiss.dbeaver.ui.navigator 1.0.97.202301060755]
> Start 팀 지원 핵심 [org.eclipse.team.core 3.9.600.v20220902-2219]
2023-01-19 20:04:03.266 - Initialize base platform...
> Start Expression Language [org.eclipse.core.expressions 3.8.200.v20220613-1047]
2023-01-19 20:04:03.282 - Platform initialized (430ms)
> Start DBeaver UI Editors - Base [org.jkiss.dbeaver.ui.editors.base 1.0.97.202301060755]
2023-01-19 20:04:03.297 - Starting RMI server at 59326
2023-01-19 20:04:03.477 - Run workbench
> Start Eclipse e4 작업영역 SWT [org.eclipse.e4.ui.workbench.swt 0.16.700.v20221024-2137]
> Start Eclipse Application Services [org.eclipse.e4.core.services 2.3.400.v20220915-1347]
> Start Eclipse UI Application Services [org.eclipse.e4.ui.services 1.5.100.v20221024-2137]
> Start Eclipse e4 Progress View [org.eclipse.e4.ui.progress 0.3.600.v20221024-2137]
> Start EMF XML/XMI Persistence [org.eclipse.emf.ecore.xmi 2.17.0.v20220817-1334]
> Start Eclipse CSS SWT Theme Support [org.eclipse.e4.ui.css.swt.theme 0.13.200.v20221024-2137]
> Start Eclipse e4 작업영역 기능 추가 [org.eclipse.e4.ui.workbench.addons.swt 1.4.500.v20221028-0801]
> Start Eclipse e4 작업영역 SWT 렌더러 [org.eclipse.e4.ui.workbench.renderers.swt 0.15.700.v20221024-2137]
> Start Eclipse Bindings Support [org.eclipse.e4.ui.bindings 0.13.200.v20221024-2137]
> Start Eclipse Dependency Injection Extensions [org.eclipse.e4.core.di.extensions 0.17.200.v20220613-1008]
> Start Eclipse CSS SWT Support [org.eclipse.e4.ui.css.swt 0.14.700.v20221102-0748]
> Start DBeaver UI [org.jkiss.dbeaver.ui 5.1.112.202301060755]
> Start Java Native Access [com.sun.jna 5.12.1.v20221103-2317]
Warning: NLS unused message: BlockedJobsDialog_UserInterfaceTreeElement in: org.eclipse.ui.internal.progress.messages
2023-01-19 20:04:05.206 - Configure workbench window
> Start 도움말 시스템 코어 [org.eclipse.help 3.9.100.v20210721-0601]
2023-01-19 20:04:05.348 - Create actions
2023-01-19 20:04:05.348 - Disable Eclipse action set 'org.eclipse.ui.edit.text.actionSet.annotationNavigation'
2023-01-19 20:04:05.348 - Disable Eclipse action set 'org.eclipse.ui.WorkingSetActionSet'
2023-01-19 20:04:05.348 - Disable Eclipse action set 'org.eclipse.ui.actionSet.openFiles'
2023-01-19 20:04:05.855 - Initialize workbench window
2023-01-19 20:04:05.855 - Finish initialization
> Start 기본 문서 편집기 [org.eclipse.ui.editors 3.14.400.v20220730-1844]
> Start 텍스트 편집기 프레임워크 [org.eclipse.ui.workbench.texteditor 3.16.600.v20220809-1658]
> Start DBeaver UI Editors - Data [org.jkiss.dbeaver.ui.editors.data 1.0.97.202301060755]
> Start DBeaver SQL Model [org.jkiss.dbeaver.model.sql 1.0.87.202301060755]
Warning: NLS unused message: actions_navigator__objects in: org.jkiss.dbeaver.ui.editors.sql.internal.SQLEditorMessages
> Start DBeaver UI Editors - SQL [org.jkiss.dbeaver.ui.editors.sql 1.0.97.202301060755]
> Start 핵심 비교 지원 [org.eclipse.compare.core 3.7.100.v20220812-1406]
> Start Equinox Java Authentication and Authorization Service (JAAS) [org.eclipse.equinox.security 1.3.1000.v20220801-1135]
> Start 인터넷 연결 관리 사용자 인터페이스 [org.eclipse.ui.net 1.4.100.v20220812-1406]
> Start Internet Connection Management [org.eclipse.core.net 1.4.0.v20220813-1037]
> Start DBeaver Sample Database [org.jkiss.dbeaver.ext.sample.database 1.0.134.202301060755]
> Start DBeaver Tip of the day [org.jkiss.dbeaver.ext.ui.tipoftheday 1.0.103.202301060755]
> Start Draw2d [org.eclipse.draw2dl 3.12.100.20221221122425]
> Start GEF3 GEF (MVC) [org.eclipse.gef3 3.12.100.20221221122425]
> Start DBeaver ERD UI [org.jkiss.dbeaver.erd.ui 3.0.57.202301060755]
> Start DBeaver ERD Model [org.jkiss.dbeaver.erd.model 1.0.57.202301060755]
2023-01-19 20:04:08.110 - Total database drivers: 101 (101)
> Start 콘솔 [org.eclipse.ui.console 3.11.400.v20221012-0524]
Warning: NLS unused message: InputStreamMonitor_label in: org.eclipse.debug.internal.core.DebugCoreMessages
Warning: NLS unused message: OutputStreamMonitor_label in: org.eclipse.debug.internal.core.DebugCoreMessages
> Start 디버그 핵심 [org.eclipse.debug.core 3.20.0.v20220811-0741]
Warning: NLS unused message: pref_page_database_resultsets_group_image in: org.jkiss.dbeaver.ui.editors.data.internal.DataEditorsResources
2023-01-19 20:04:08.897 - Connect with 'localhost' (oracle_thin-185c762ff3f-2b02d166e92b562e)
> Start DBeaver Oracle Support [org.jkiss.dbeaver.ext.oracle 2.1.182.202301060755]
2023-01-19 20:04:08.938 - Execution context opened (localhost; Main; 0)
2023-01-19 20:04:09.500 - Execution context opened (localhost; Metadata; 1)
2023-01-19 20:04:09.580 - Connected (oracle_thin-185c762ff3f-2b02d166e92b562e, Oracle JDBC driver [11.2.0.2.0])
2023-01-19 20:04:09.580 - Execution context opened (localhost; SQLEditor <day02.sql>; 2)
2023-01-19 20:05:51.348 - Event loop exception
org.eclipse.swt.SWTException: Widget is disposed
	at org.eclipse.swt.SWT.error(SWT.java:4918)
	at org.eclipse.swt.SWT.error(SWT.java:4833)
	at org.eclipse.swt.SWT.error(SWT.java:4804)
	at org.eclipse.swt.widgets.Widget.error(Widget.java:450)
	at org.eclipse.swt.widgets.Widget.checkWidget(Widget.java:369)
	at org.eclipse.swt.widgets.Table.setRedraw(Table.java:4696)
	at org.jkiss.dbeaver.ui.UIUtils.packColumns(UIUtils.java:208)
	at org.jkiss.dbeaver.ui.controls.ViewerColumnController.lambda$1(ViewerColumnController.java:399)
	at org.eclipse.swt.widgets.RunnableLock.run(RunnableLock.java:40)
	at org.eclipse.swt.widgets.Synchronizer.runAsyncMessages(Synchronizer.java:132)
	at org.eclipse.swt.widgets.Display.runAsyncMessages(Display.java:4029)
	at org.eclipse.swt.widgets.Display.readAndDispatch(Display.java:3645)
	at org.jkiss.dbeaver.ui.UIUtils.waitJobCompletion(UIUtils.java:1981)
	at org.jkiss.dbeaver.ui.editors.sql.syntax.SQLCompletionProcessor.computeCompletionProposals(SQLCompletionProcessor.java:151)
	at org.eclipse.jface.text.contentassist.ContentAssistant$2.lambda$0(ContentAssistant.java:2063)
	at java.base/java.lang.Iterable.forEach(Unknown Source)
	at org.eclipse.jface.text.contentassist.ContentAssistant$2.run(ContentAssistant.java:2062)
	at org.eclipse.core.runtime.SafeRunner.run(SafeRunner.java:45)
	at org.eclipse.jface.text.contentassist.ContentAssistant.computeCompletionProposals(ContentAssistant.java:2059)
	at org.eclipse.jface.text.contentassist.CompletionProposalPopup.computeProposals(CompletionProposalPopup.java:577)
	at org.eclipse.jface.text.contentassist.CompletionProposalPopup.lambda$0(CompletionProposalPopup.java:507)
	at org.eclipse.swt.custom.BusyIndicator.showWhile(BusyIndicator.java:74)
	at org.eclipse.jface.text.contentassist.CompletionProposalPopup.showProposals(CompletionProposalPopup.java:502)
	at org.eclipse.jface.text.contentassist.CompletionProposalPopup$1.run(CompletionProposalPopup.java:383)
	at org.eclipse.swt.widgets.RunnableLock.run(RunnableLock.java:40)
	at org.eclipse.swt.widgets.Synchronizer.runAsyncMessages(Synchronizer.java:132)
	at org.eclipse.swt.widgets.Display.runAsyncMessages(Display.java:4029)
	at org.eclipse.swt.widgets.Display.readAndDispatch(Display.java:3645)
	at org.eclipse.e4.ui.internal.workbench.swt.PartRenderingEngine$5.run(PartRenderingEngine.java:1155)
	at org.eclipse.core.databinding.observable.Realm.runWithDefault(Realm.java:338)
	at org.eclipse.e4.ui.internal.workbench.swt.PartRenderingEngine.run(PartRenderingEngine.java:1046)
	at org.eclipse.e4.ui.internal.workbench.E4Workbench.createAndRunUI(E4Workbench.java:155)
	at org.eclipse.ui.internal.Workbench.lambda$3(Workbench.java:643)
	at org.eclipse.core.databinding.observable.Realm.runWithDefault(Realm.java:338)
	at org.eclipse.ui.internal.Workbench.createAndRunWorkbench(Workbench.java:550)
	at org.eclipse.ui.PlatformUI.createAndRunWorkbench(PlatformUI.java:171)
	at org.jkiss.dbeaver.ui.app.standalone.DBeaverApplication.start(DBeaverApplication.java:296)
	at org.eclipse.equinox.internal.app.EclipseAppHandle.run(EclipseAppHandle.java:203)
	at org.eclipse.core.runtime.internal.adaptor.EclipseAppLauncher.runApplication(EclipseAppLauncher.java:136)
	at org.eclipse.core.runtime.internal.adaptor.EclipseAppLauncher.start(EclipseAppLauncher.java:104)
	at org.eclipse.core.runtime.adaptor.EclipseStarter.run(EclipseStarter.java:402)
	at org.eclipse.core.runtime.adaptor.EclipseStarter.run(EclipseStarter.java:255)
	at java.base/jdk.internal.reflect.NativeMethodAccessorImpl.invoke0(Native Method)
	at java.base/jdk.internal.reflect.NativeMethodAccessorImpl.invoke(Unknown Source)
	at java.base/jdk.internal.reflect.DelegatingMethodAccessorImpl.invoke(Unknown Source)
	at java.base/java.lang.reflect.Method.invoke(Unknown Source)
	at org.eclipse.equinox.launcher.Main.invokeFramework(Main.java:659)
	at org.eclipse.equinox.launcher.Main.basicRun(Main.java:596)
	at org.eclipse.equinox.launcher.Main.run(Main.java:1467)
> Start ICU4J Base [com.ibm.icu.base 58.2.0.v20170418-1837]
> Start DBeaver Oracle UI [org.jkiss.dbeaver.ext.oracle.ui 1.0.84.202301060755]
2023-01-19 20:06:33.307 - Can't get column 'PLUGGED_IN': 부적합한 열 이름
2023-01-19 20:08:53.570 - Event loop exception
org.eclipse.swt.SWTException: Widget is disposed
	at org.eclipse.swt.SWT.error(SWT.java:4918)
	at org.eclipse.swt.SWT.error(SWT.java:4833)
	at org.eclipse.swt.SWT.error(SWT.java:4804)
	at org.eclipse.swt.widgets.Widget.error(Widget.java:450)
	at org.eclipse.swt.widgets.Widget.checkWidget(Widget.java:369)
	at org.eclipse.swt.widgets.Table.setRedraw(Table.java:4696)
	at org.jkiss.dbeaver.ui.UIUtils.packColumns(UIUtils.java:208)
	at org.jkiss.dbeaver.ui.controls.ViewerColumnController.lambda$1(ViewerColumnController.java:399)
	at org.eclipse.swt.widgets.RunnableLock.run(RunnableLock.java:40)
	at org.eclipse.swt.widgets.Synchronizer.runAsyncMessages(Synchronizer.java:132)
	at org.eclipse.swt.widgets.Display.runAsyncMessages(Display.java:4029)
	at org.eclipse.swt.widgets.Display.readAndDispatch(Display.java:3645)
	at org.eclipse.e4.ui.internal.workbench.swt.PartRenderingEngine$5.run(PartRenderingEngine.java:1155)
	at org.eclipse.core.databinding.observable.Realm.runWithDefault(Realm.java:338)
	at org.eclipse.e4.ui.internal.workbench.swt.PartRenderingEngine.run(PartRenderingEngine.java:1046)
	at org.eclipse.e4.ui.internal.workbench.E4Workbench.createAndRunUI(E4Workbench.java:155)
	at org.eclipse.ui.internal.Workbench.lambda$3(Workbench.java:643)
	at org.eclipse.core.databinding.observable.Realm.runWithDefault(Realm.java:338)
	at org.eclipse.ui.internal.Workbench.createAndRunWorkbench(Workbench.java:550)
	at org.eclipse.ui.PlatformUI.createAndRunWorkbench(PlatformUI.java:171)
	at org.jkiss.dbeaver.ui.app.standalone.DBeaverApplication.start(DBeaverApplication.java:296)
	at org.eclipse.equinox.internal.app.EclipseAppHandle.run(EclipseAppHandle.java:203)
	at org.eclipse.core.runtime.internal.adaptor.EclipseAppLauncher.runApplication(EclipseAppLauncher.java:136)
	at org.eclipse.core.runtime.internal.adaptor.EclipseAppLauncher.start(EclipseAppLauncher.java:104)
	at org.eclipse.core.runtime.adaptor.EclipseStarter.run(EclipseStarter.java:402)
	at org.eclipse.core.runtime.adaptor.EclipseStarter.run(EclipseStarter.java:255)
	at java.base/jdk.internal.reflect.NativeMethodAccessorImpl.invoke0(Native Method)
	at java.base/jdk.internal.reflect.NativeMethodAccessorImpl.invoke(Unknown Source)
	at java.base/jdk.internal.reflect.DelegatingMethodAccessorImpl.invoke(Unknown Source)
	at java.base/java.lang.reflect.Method.invoke(Unknown Source)
	at org.eclipse.equinox.launcher.Main.invokeFramework(Main.java:659)
	at org.eclipse.equinox.launcher.Main.basicRun(Main.java:596)
	at org.eclipse.equinox.launcher.Main.run(Main.java:1467)
2023-01-19 20:09:27.575 - Error binding callable statement parameters from metadata: 지원되지 않는 기능입니다
2023-01-19 20:09:27.575 - Error obtaining output parameters from metadata: 지원되지 않는 기능입니다
2023-01-19 20:09:27.575 - Can't obtain procedure metadata nor jdbc metadata
2023-01-19 20:09:27.888 - SQL Error [2253] [42000]: ORA-02253: constraint specification not allowed here


Error position: line: 216 pos: 88
org.jkiss.dbeaver.model.sql.DBSQLException: SQL Error [2253] [42000]: ORA-02253: constraint specification not allowed here

	at org.jkiss.dbeaver.model.impl.jdbc.exec.JDBCStatementImpl.executeStatement(JDBCStatementImpl.java:133)
	at org.jkiss.dbeaver.ui.editors.sql.execute.SQLQueryJob.executeStatement(SQLQueryJob.java:582)
	at org.jkiss.dbeaver.ui.editors.sql.execute.SQLQueryJob.lambda$1(SQLQueryJob.java:491)
	at org.jkiss.dbeaver.model.exec.DBExecUtils.tryExecuteRecover(DBExecUtils.java:173)
	at org.jkiss.dbeaver.ui.editors.sql.execute.SQLQueryJob.executeSingleQuery(SQLQueryJob.java:498)
	at org.jkiss.dbeaver.ui.editors.sql.execute.SQLQueryJob.extractData(SQLQueryJob.java:917)
	at org.jkiss.dbeaver.ui.editors.sql.SQLEditor$QueryResultsContainer.readData(SQLEditor.java:3794)
	at org.jkiss.dbeaver.ui.controls.resultset.ResultSetJobDataRead.lambda$0(ResultSetJobDataRead.java:123)
	at org.jkiss.dbeaver.model.exec.DBExecUtils.tryExecuteRecover(DBExecUtils.java:173)
	at org.jkiss.dbeaver.ui.controls.resultset.ResultSetJobDataRead.run(ResultSetJobDataRead.java:121)
	at org.jkiss.dbeaver.ui.controls.resultset.ResultSetViewer$ResultSetDataPumpJob.run(ResultSetViewer.java:5061)
	at org.jkiss.dbeaver.model.runtime.AbstractJob.run(AbstractJob.java:105)
	at org.eclipse.core.internal.jobs.Worker.run(Worker.java:63)
Caused by: java.sql.SQLSyntaxErrorException: ORA-02253: constraint specification not allowed here

	at oracle.jdbc.driver.T4CTTIoer.processError(T4CTTIoer.java:440)
	at oracle.jdbc.driver.T4CTTIoer.processError(T4CTTIoer.java:396)
	at oracle.jdbc.driver.T4C8Oall.processError(T4C8Oall.java:837)
	at oracle.jdbc.driver.T4CTTIfun.receive(T4CTTIfun.java:445)
	at oracle.jdbc.driver.T4CTTIfun.doRPC(T4CTTIfun.java:191)
	at oracle.jdbc.driver.T4C8Oall.doOALL(T4C8Oall.java:523)
	at oracle.jdbc.driver.T4CStatement.doOall8(T4CStatement.java:193)
	at oracle.jdbc.driver.T4CStatement.executeForRows(T4CStatement.java:999)
	at oracle.jdbc.driver.OracleStatement.doExecuteWithTimeout(OracleStatement.java:1315)
	at oracle.jdbc.driver.OracleStatement.executeInternal(OracleStatement.java:1890)
	at oracle.jdbc.driver.OracleStatement.execute(OracleStatement.java:1855)
	at oracle.jdbc.driver.OracleStatementWrapper.execute(OracleStatementWrapper.java:304)
	at org.jkiss.dbeaver.model.impl.jdbc.exec.JDBCStatementImpl.execute(JDBCStatementImpl.java:329)
	at org.jkiss.dbeaver.model.impl.jdbc.exec.JDBCStatementImpl.lambda$0(JDBCStatementImpl.java:131)
	at org.jkiss.dbeaver.utils.SecurityManagerUtils.wrapDriverActions(SecurityManagerUtils.java:96)
	at org.jkiss.dbeaver.model.impl.jdbc.exec.JDBCStatementImpl.executeStatement(JDBCStatementImpl.java:131)
	... 12 more
2023-01-19 20:11:05.772 - Event loop exception
java.lang.IllegalArgumentException: Argument not valid
	at org.eclipse.swt.SWT.error(SWT.java:4899)
	at org.eclipse.swt.SWT.error(SWT.java:4833)
	at org.eclipse.swt.SWT.error(SWT.java:4804)
	at org.eclipse.swt.widgets.Widget.error(Widget.java:450)
	at org.eclipse.swt.widgets.Widget.checkParent(Widget.java:300)
	at org.eclipse.swt.widgets.Widget.<init>(Widget.java:165)
	at org.eclipse.swt.widgets.Control.<init>(Control.java:114)
	at org.eclipse.swt.widgets.Scrollable.<init>(Scrollable.java:85)
	at org.eclipse.swt.widgets.Composite.<init>(Composite.java:99)
	at org.jkiss.dbeaver.ui.UIUtils.createPlaceholder(UIUtils.java:897)
	at org.jkiss.dbeaver.ui.UIUtils.createPlaceholder(UIUtils.java:884)
	at org.jkiss.dbeaver.ui.editors.sql.dialogs.SuggestionInformationControl$2.lambda$0(SuggestionInformationControl.java:153)
	at org.eclipse.ui.internal.PendingSyncExec.run(PendingSyncExec.java:68)
	at org.eclipse.ui.internal.UILockListener.doPendingWork(UILockListener.java:172)
	at org.eclipse.swt.widgets.RunnableLock.run(RunnableLock.java:40)
	at org.eclipse.swt.widgets.Synchronizer.runAsyncMessages(Synchronizer.java:132)
	at org.eclipse.swt.widgets.Display.runAsyncMessages(Display.java:4029)
	at org.eclipse.swt.widgets.Display.readAndDispatch(Display.java:3645)
	at org.jkiss.dbeaver.ui.UIUtils.waitJobCompletion(UIUtils.java:1981)
	at org.jkiss.dbeaver.ui.editors.sql.syntax.SQLCompletionProcessor.computeCompletionProposals(SQLCompletionProcessor.java:151)
	at org.eclipse.jface.text.contentassist.ContentAssistant$2.lambda$0(ContentAssistant.java:2063)
	at java.base/java.lang.Iterable.forEach(Unknown Source)
	at org.eclipse.jface.text.contentassist.ContentAssistant$2.run(ContentAssistant.java:2062)
	at org.eclipse.core.runtime.SafeRunner.run(SafeRunner.java:45)
	at org.eclipse.jface.text.contentassist.ContentAssistant.computeCompletionProposals(ContentAssistant.java:2059)
	at org.eclipse.jface.text.contentassist.CompletionProposalPopup.computeProposals(CompletionProposalPopup.java:577)
	at org.eclipse.jface.text.contentassist.CompletionProposalPopup.lambda$0(CompletionProposalPopup.java:507)
	at org.eclipse.swt.custom.BusyIndicator.showWhile(BusyIndicator.java:74)
	at org.eclipse.jface.text.contentassist.CompletionProposalPopup.showProposals(CompletionProposalPopup.java:502)
	at org.eclipse.jface.text.contentassist.CompletionProposalPopup$1.run(CompletionProposalPopup.java:383)
	at org.eclipse.swt.widgets.RunnableLock.run(RunnableLock.java:40)
	at org.eclipse.swt.widgets.Synchronizer.runAsyncMessages(Synchronizer.java:132)
	at org.eclipse.swt.widgets.Display.runAsyncMessages(Display.java:4029)
	at org.eclipse.swt.widgets.Display.readAndDispatch(Display.java:3645)
	at org.eclipse.e4.ui.internal.workbench.swt.PartRenderingEngine$5.run(PartRenderingEngine.java:1155)
	at org.eclipse.core.databinding.observable.Realm.runWithDefault(Realm.java:338)
	at org.eclipse.e4.ui.internal.workbench.swt.PartRenderingEngine.run(PartRenderingEngine.java:1046)
	at org.eclipse.e4.ui.internal.workbench.E4Workbench.createAndRunUI(E4Workbench.java:155)
	at org.eclipse.ui.internal.Workbench.lambda$3(Workbench.java:643)
	at org.eclipse.core.databinding.observable.Realm.runWithDefault(Realm.java:338)
	at org.eclipse.ui.internal.Workbench.createAndRunWorkbench(Workbench.java:550)
	at org.eclipse.ui.PlatformUI.createAndRunWorkbench(PlatformUI.java:171)
	at org.jkiss.dbeaver.ui.app.standalone.DBeaverApplication.start(DBeaverApplication.java:296)
	at org.eclipse.equinox.internal.app.EclipseAppHandle.run(EclipseAppHandle.java:203)
	at org.eclipse.core.runtime.internal.adaptor.EclipseAppLauncher.runApplication(EclipseAppLauncher.java:136)
	at org.eclipse.core.runtime.internal.adaptor.EclipseAppLauncher.start(EclipseAppLauncher.java:104)
	at org.eclipse.core.runtime.adaptor.EclipseStarter.run(EclipseStarter.java:402)
	at org.eclipse.core.runtime.adaptor.EclipseStarter.run(EclipseStarter.java:255)
	at java.base/jdk.internal.reflect.NativeMethodAccessorImpl.invoke0(Native Method)
	at java.base/jdk.internal.reflect.NativeMethodAccessorImpl.invoke(Unknown Source)
	at java.base/jdk.internal.reflect.DelegatingMethodAccessorImpl.invoke(Unknown Source)
	at java.base/java.lang.reflect.Method.invoke(Unknown Source)
	at org.eclipse.equinox.launcher.Main.invokeFramework(Main.java:659)
	at org.eclipse.equinox.launcher.Main.basicRun(Main.java:596)
	at org.eclipse.equinox.launcher.Main.run(Main.java:1467)
2023-01-19 20:11:08.055 - Error binding callable statement parameters from metadata: 지원되지 않는 기능입니다
2023-01-19 20:11:08.055 - Error obtaining output parameters from metadata: 지원되지 않는 기능입니다
2023-01-19 20:11:08.055 - Can't obtain procedure metadata nor jdbc metadata
2023-01-19 20:11:08.134 - SQL Error [2253] [42000]: ORA-02253: constraint specification not allowed here


Error position: line: 216 pos: 88
org.jkiss.dbeaver.model.sql.DBSQLException: SQL Error [2253] [42000]: ORA-02253: constraint specification not allowed here

	at org.jkiss.dbeaver.model.impl.jdbc.exec.JDBCStatementImpl.executeStatement(JDBCStatementImpl.java:133)
	at org.jkiss.dbeaver.ui.editors.sql.execute.SQLQueryJob.executeStatement(SQLQueryJob.java:582)
	at org.jkiss.dbeaver.ui.editors.sql.execute.SQLQueryJob.lambda$1(SQLQueryJob.java:491)
	at org.jkiss.dbeaver.model.exec.DBExecUtils.tryExecuteRecover(DBExecUtils.java:173)
	at org.jkiss.dbeaver.ui.editors.sql.execute.SQLQueryJob.executeSingleQuery(SQLQueryJob.java:498)
	at org.jkiss.dbeaver.ui.editors.sql.execute.SQLQueryJob.extractData(SQLQueryJob.java:917)
	at org.jkiss.dbeaver.ui.editors.sql.SQLEditor$QueryResultsContainer.readData(SQLEditor.java:3794)
	at org.jkiss.dbeaver.ui.controls.resultset.ResultSetJobDataRead.lambda$0(ResultSetJobDataRead.java:123)
	at org.jkiss.dbeaver.model.exec.DBExecUtils.tryExecuteRecover(DBExecUtils.java:173)
	at org.jkiss.dbeaver.ui.controls.resultset.ResultSetJobDataRead.run(ResultSetJobDataRead.java:121)
	at org.jkiss.dbeaver.ui.controls.resultset.ResultSetViewer$ResultSetDataPumpJob.run(ResultSetViewer.java:5061)
	at org.jkiss.dbeaver.model.runtime.AbstractJob.run(AbstractJob.java:105)
	at org.eclipse.core.internal.jobs.Worker.run(Worker.java:63)
Caused by: java.sql.SQLSyntaxErrorException: ORA-02253: constraint specification not allowed here

	at oracle.jdbc.driver.T4CTTIoer.processError(T4CTTIoer.java:440)
	at oracle.jdbc.driver.T4CTTIoer.processError(T4CTTIoer.java:396)
	at oracle.jdbc.driver.T4C8Oall.processError(T4C8Oall.java:837)
	at oracle.jdbc.driver.T4CTTIfun.receive(T4CTTIfun.java:445)
	at oracle.jdbc.driver.T4CTTIfun.doRPC(T4CTTIfun.java:191)
	at oracle.jdbc.driver.T4C8Oall.doOALL(T4C8Oall.java:523)
	at oracle.jdbc.driver.T4CStatement.doOall8(T4CStatement.java:193)
	at oracle.jdbc.driver.T4CStatement.executeForRows(T4CStatement.java:999)
	at oracle.jdbc.driver.OracleStatement.doExecuteWithTimeout(OracleStatement.java:1315)
	at oracle.jdbc.driver.OracleStatement.executeInternal(OracleStatement.java:1890)
	at oracle.jdbc.driver.OracleStatement.execute(OracleStatement.java:1855)
	at oracle.jdbc.driver.OracleStatementWrapper.execute(OracleStatementWrapper.java:304)
	at org.jkiss.dbeaver.model.impl.jdbc.exec.JDBCStatementImpl.execute(JDBCStatementImpl.java:329)
	at org.jkiss.dbeaver.model.impl.jdbc.exec.JDBCStatementImpl.lambda$0(JDBCStatementImpl.java:131)
	at org.jkiss.dbeaver.utils.SecurityManagerUtils.wrapDriverActions(SecurityManagerUtils.java:96)
	at org.jkiss.dbeaver.model.impl.jdbc.exec.JDBCStatementImpl.executeStatement(JDBCStatementImpl.java:131)
	... 12 more
2023-01-19 20:13:18.783 - Event loop exception
java.lang.IllegalArgumentException: Argument not valid
	at org.eclipse.swt.SWT.error(SWT.java:4899)
	at org.eclipse.swt.SWT.error(SWT.java:4833)
	at org.eclipse.swt.SWT.error(SWT.java:4804)
	at org.eclipse.swt.widgets.Widget.error(Widget.java:450)
	at org.eclipse.swt.widgets.Widget.checkParent(Widget.java:300)
	at org.eclipse.swt.widgets.Widget.<init>(Widget.java:165)
	at org.eclipse.swt.widgets.Control.<init>(Control.java:114)
	at org.eclipse.swt.widgets.Scrollable.<init>(Scrollable.java:85)
	at org.eclipse.swt.widgets.Composite.<init>(Composite.java:99)
	at org.jkiss.dbeaver.ui.UIUtils.createPlaceholder(UIUtils.java:897)
	at org.jkiss.dbeaver.ui.UIUtils.createPlaceholder(UIUtils.java:884)
	at org.jkiss.dbeaver.ui.editors.sql.dialogs.SuggestionInformationControl$2.lambda$0(SuggestionInformationControl.java:153)
	at org.eclipse.ui.internal.PendingSyncExec.run(PendingSyncExec.java:68)
	at org.eclipse.ui.internal.UILockListener.doPendingWork(UILockListener.java:172)
	at org.eclipse.swt.widgets.RunnableLock.run(RunnableLock.java:40)
	at org.eclipse.swt.widgets.Synchronizer.runAsyncMessages(Synchronizer.java:132)
	at org.eclipse.swt.widgets.Display.runAsyncMessages(Display.java:4029)
	at org.eclipse.swt.widgets.Display.readAndDispatch(Display.java:3645)
	at org.eclipse.e4.ui.internal.workbench.swt.PartRenderingEngine$5.run(PartRenderingEngine.java:1155)
	at org.eclipse.core.databinding.observable.Realm.runWithDefault(Realm.java:338)
	at org.eclipse.e4.ui.internal.workbench.swt.PartRenderingEngine.run(PartRenderingEngine.java:1046)
	at org.eclipse.e4.ui.internal.workbench.E4Workbench.createAndRunUI(E4Workbench.java:155)
	at org.eclipse.ui.internal.Workbench.lambda$3(Workbench.java:643)
	at org.eclipse.core.databinding.observable.Realm.runWithDefault(Realm.java:338)
	at org.eclipse.ui.internal.Workbench.createAndRunWorkbench(Workbench.java:550)
	at org.eclipse.ui.PlatformUI.createAndRunWorkbench(PlatformUI.java:171)
	at org.jkiss.dbeaver.ui.app.standalone.DBeaverApplication.start(DBeaverApplication.java:296)
	at org.eclipse.equinox.internal.app.EclipseAppHandle.run(EclipseAppHandle.java:203)
	at org.eclipse.core.runtime.internal.adaptor.EclipseAppLauncher.runApplication(EclipseAppLauncher.java:136)
	at org.eclipse.core.runtime.internal.adaptor.EclipseAppLauncher.start(EclipseAppLauncher.java:104)
	at org.eclipse.core.runtime.adaptor.EclipseStarter.run(EclipseStarter.java:402)
	at org.eclipse.core.runtime.adaptor.EclipseStarter.run(EclipseStarter.java:255)
	at java.base/jdk.internal.reflect.NativeMethodAccessorImpl.invoke0(Native Method)
	at java.base/jdk.internal.reflect.NativeMethodAccessorImpl.invoke(Unknown Source)
	at java.base/jdk.internal.reflect.DelegatingMethodAccessorImpl.invoke(Unknown Source)
	at java.base/java.lang.reflect.Method.invoke(Unknown Source)
	at org.eclipse.equinox.launcher.Main.invokeFramework(Main.java:659)
	at org.eclipse.equinox.launcher.Main.basicRun(Main.java:596)
	at org.eclipse.equinox.launcher.Main.run(Main.java:1467)
2023-01-19 20:14:03.296 - Error binding callable statement parameters from metadata: 지원되지 않는 기능입니다
2023-01-19 20:14:03.296 - Error obtaining output parameters from metadata: 지원되지 않는 기능입니다
2023-01-19 20:14:03.296 - Can't obtain procedure metadata nor jdbc metadata
2023-01-19 20:14:03.382 - SQL Error [906] [42000]: ORA-00906: missing left parenthesis


Error position: line: 324 pos: 94
org.jkiss.dbeaver.model.sql.DBSQLException: SQL Error [906] [42000]: ORA-00906: missing left parenthesis

	at org.jkiss.dbeaver.model.impl.jdbc.exec.JDBCStatementImpl.executeStatement(JDBCStatementImpl.java:133)
	at org.jkiss.dbeaver.ui.editors.sql.execute.SQLQueryJob.executeStatement(SQLQueryJob.java:582)
	at org.jkiss.dbeaver.ui.editors.sql.execute.SQLQueryJob.lambda$1(SQLQueryJob.java:491)
	at org.jkiss.dbeaver.model.exec.DBExecUtils.tryExecuteRecover(DBExecUtils.java:173)
	at org.jkiss.dbeaver.ui.editors.sql.execute.SQLQueryJob.executeSingleQuery(SQLQueryJob.java:498)
	at org.jkiss.dbeaver.ui.editors.sql.execute.SQLQueryJob.extractData(SQLQueryJob.java:917)
	at org.jkiss.dbeaver.ui.editors.sql.SQLEditor$QueryResultsContainer.readData(SQLEditor.java:3794)
	at org.jkiss.dbeaver.ui.controls.resultset.ResultSetJobDataRead.lambda$0(ResultSetJobDataRead.java:123)
	at org.jkiss.dbeaver.model.exec.DBExecUtils.tryExecuteRecover(DBExecUtils.java:173)
	at org.jkiss.dbeaver.ui.controls.resultset.ResultSetJobDataRead.run(ResultSetJobDataRead.java:121)
	at org.jkiss.dbeaver.ui.controls.resultset.ResultSetViewer$ResultSetDataPumpJob.run(ResultSetViewer.java:5061)
	at org.jkiss.dbeaver.model.runtime.AbstractJob.run(AbstractJob.java:105)
	at org.eclipse.core.internal.jobs.Worker.run(Worker.java:63)
Caused by: java.sql.SQLSyntaxErrorException: ORA-00906: missing left parenthesis

	at oracle.jdbc.driver.T4CTTIoer.processError(T4CTTIoer.java:440)
	at oracle.jdbc.driver.T4CTTIoer.processError(T4CTTIoer.java:396)
	at oracle.jdbc.driver.T4C8Oall.processError(T4C8Oall.java:837)
	at oracle.jdbc.driver.T4CTTIfun.receive(T4CTTIfun.java:445)
	at oracle.jdbc.driver.T4CTTIfun.doRPC(T4CTTIfun.java:191)
	at oracle.jdbc.driver.T4C8Oall.doOALL(T4C8Oall.java:523)
	at oracle.jdbc.driver.T4CStatement.doOall8(T4CStatement.java:193)
	at oracle.jdbc.driver.T4CStatement.executeForRows(T4CStatement.java:999)
	at oracle.jdbc.driver.OracleStatement.doExecuteWithTimeout(OracleStatement.java:1315)
	at oracle.jdbc.driver.OracleStatement.executeInternal(OracleStatement.java:1890)
	at oracle.jdbc.driver.OracleStatement.execute(OracleStatement.java:1855)
	at oracle.jdbc.driver.OracleStatementWrapper.execute(OracleStatementWrapper.java:304)
	at org.jkiss.dbeaver.model.impl.jdbc.exec.JDBCStatementImpl.execute(JDBCStatementImpl.java:329)
	at org.jkiss.dbeaver.model.impl.jdbc.exec.JDBCStatementImpl.lambda$0(JDBCStatementImpl.java:131)
	at org.jkiss.dbeaver.utils.SecurityManagerUtils.wrapDriverActions(SecurityManagerUtils.java:96)
	at org.jkiss.dbeaver.model.impl.jdbc.exec.JDBCStatementImpl.executeStatement(JDBCStatementImpl.java:131)
	... 12 more
2023-01-19 20:17:22.277 - Error binding callable statement parameters from metadata: 지원되지 않는 기능입니다
2023-01-19 20:17:22.277 - Error obtaining output parameters from metadata: 지원되지 않는 기능입니다
2023-01-19 20:17:22.277 - Can't obtain procedure metadata nor jdbc metadata
2023-01-19 20:17:22.390 - SQL Error [2264] [42000]: ORA-02264: name already used by an existing constraint


Error position: line: 329 pos: 55
org.jkiss.dbeaver.model.sql.DBSQLException: SQL Error [2264] [42000]: ORA-02264: name already used by an existing constraint

	at org.jkiss.dbeaver.model.impl.jdbc.exec.JDBCStatementImpl.executeStatement(JDBCStatementImpl.java:133)
	at org.jkiss.dbeaver.ui.editors.sql.execute.SQLQueryJob.executeStatement(SQLQueryJob.java:582)
	at org.jkiss.dbeaver.ui.editors.sql.execute.SQLQueryJob.lambda$1(SQLQueryJob.java:491)
	at org.jkiss.dbeaver.model.exec.DBExecUtils.tryExecuteRecover(DBExecUtils.java:173)
	at org.jkiss.dbeaver.ui.editors.sql.execute.SQLQueryJob.executeSingleQuery(SQLQueryJob.java:498)
	at org.jkiss.dbeaver.ui.editors.sql.execute.SQLQueryJob.extractData(SQLQueryJob.java:917)
	at org.jkiss.dbeaver.ui.editors.sql.SQLEditor$QueryResultsContainer.readData(SQLEditor.java:3794)
	at org.jkiss.dbeaver.ui.controls.resultset.ResultSetJobDataRead.lambda$0(ResultSetJobDataRead.java:123)
	at org.jkiss.dbeaver.model.exec.DBExecUtils.tryExecuteRecover(DBExecUtils.java:173)
	at org.jkiss.dbeaver.ui.controls.resultset.ResultSetJobDataRead.run(ResultSetJobDataRead.java:121)
	at org.jkiss.dbeaver.ui.controls.resultset.ResultSetViewer$ResultSetDataPumpJob.run(ResultSetViewer.java:5061)
	at org.jkiss.dbeaver.model.runtime.AbstractJob.run(AbstractJob.java:105)
	at org.eclipse.core.internal.jobs.Worker.run(Worker.java:63)
Caused by: java.sql.SQLSyntaxErrorException: ORA-02264: name already used by an existing constraint

	at oracle.jdbc.driver.T4CTTIoer.processError(T4CTTIoer.java:440)
	at oracle.jdbc.driver.T4CTTIoer.processError(T4CTTIoer.java:396)
	at oracle.jdbc.driver.T4C8Oall.processError(T4C8Oall.java:837)
	at oracle.jdbc.driver.T4CTTIfun.receive(T4CTTIfun.java:445)
	at oracle.jdbc.driver.T4CTTIfun.doRPC(T4CTTIfun.java:191)
	at oracle.jdbc.driver.T4C8Oall.doOALL(T4C8Oall.java:523)
	at oracle.jdbc.driver.T4CStatement.doOall8(T4CStatement.java:193)
	at oracle.jdbc.driver.T4CStatement.executeForRows(T4CStatement.java:999)
	at oracle.jdbc.driver.OracleStatement.doExecuteWithTimeout(OracleStatement.java:1315)
	at oracle.jdbc.driver.OracleStatement.executeInternal(OracleStatement.java:1890)
	at oracle.jdbc.driver.OracleStatement.execute(OracleStatement.java:1855)
	at oracle.jdbc.driver.OracleStatementWrapper.execute(OracleStatementWrapper.java:304)
	at org.jkiss.dbeaver.model.impl.jdbc.exec.JDBCStatementImpl.execute(JDBCStatementImpl.java:329)
	at org.jkiss.dbeaver.model.impl.jdbc.exec.JDBCStatementImpl.lambda$0(JDBCStatementImpl.java:131)
	at org.jkiss.dbeaver.utils.SecurityManagerUtils.wrapDriverActions(SecurityManagerUtils.java:96)
	at org.jkiss.dbeaver.model.impl.jdbc.exec.JDBCStatementImpl.executeStatement(JDBCStatementImpl.java:131)
	... 12 more
2023-01-19 20:42:29.251 - System suspend detected! Reinitialize all remote connections.
2023-01-19 21:02:25.992 - System suspend detected! Reinitialize all remote connections.
2023-01-19 21:07:40.416 - System suspend detected! Reinitialize all remote connections.
2023-01-19 21:14:55.048 - System suspend detected! Reinitialize all remote connections.
2023-01-20 02:19:14.284 - System suspend detected! Reinitialize all remote connections.
2023-01-20 08:27:21.535 - System suspend detected! Reinitialize all remote connections.
