2023-01-18 15:37:53.303 - DBeaver 22.3.2.202301060755 is starting
2023-01-18 15:37:53.306 - OS: Windows 10 10.0 (amd64)
2023-01-18 15:37:53.306 - Java version: 11.0.12 by Eclipse Foundation (64bit)
2023-01-18 15:37:53.306 - Install path: 'C:\GB_0900_KMG\dbms\oracle\resource\dbeaver'
2023-01-18 15:37:53.306 - Instance path: 'file:/C:/GB_0900_KMG/dbms/oracle/workspace/'
2023-01-18 15:37:53.306 - Memory available 64Mb/1024Mb
2023-01-18 15:37:53.329 - Create display
> Start Eclipse IDE UI [org.eclipse.ui.ide 3.20.0.v20221027-2208]
2023-01-18 15:37:53.504 - Initializing DBeaver 22.3.2
2023-01-18 15:37:53.515 - Host plugin: org.jkiss.dbeaver.ui.app.standalone 22.3.2.202301060755
2023-01-18 15:37:53.515 - Initialize desktop platform...
2023-01-18 15:37:53.764 - BounceCastle bundle found. Use JCE provider BC
> Start Core File Systems [org.eclipse.core.filesystem 1.9.500.v20220817-1539]
> Start Core Resource Management [org.eclipse.core.resources 3.18.100.v20221025-2047]
> Start 팀 지원 핵심 [org.eclipse.team.core 3.9.600.v20220902-2219]
> Start DBeaver UI Navigator [org.jkiss.dbeaver.ui.navigator 1.0.97.202301060755]
2023-01-18 15:37:54.265 - 
2023-01-18 15:37:54.265 - 	Refreshing workspace.
2023-01-18 15:37:54.265 - Refreshing workspace contents
2023-01-18 15:37:54.548 - Initialize base platform...
> Start Expression Language [org.eclipse.core.expressions 3.8.200.v20220613-1047]
2023-01-18 15:37:54.614 - Platform initialized (1099ms)
> Start DBeaver UI Editors - Base [org.jkiss.dbeaver.ui.editors.base 1.0.97.202301060755]
2023-01-18 15:37:54.632 - Starting RMI server at 45201
2023-01-18 15:37:54.714 - Run workbench
> Start Eclipse e4 작업영역 SWT [org.eclipse.e4.ui.workbench.swt 0.16.700.v20221024-2137]
> Start Eclipse Application Services [org.eclipse.e4.core.services 2.3.400.v20220915-1347]
> Start Eclipse UI Application Services [org.eclipse.e4.ui.services 1.5.100.v20221024-2137]
> Start Eclipse e4 Progress View [org.eclipse.e4.ui.progress 0.3.600.v20221024-2137]
> Start EMF XML/XMI Persistence [org.eclipse.emf.ecore.xmi 2.17.0.v20220817-1334]
> Start Eclipse CSS SWT Theme Support [org.eclipse.e4.ui.css.swt.theme 0.13.200.v20221024-2137]
> Start Eclipse e4 작업영역 기능 추가 [org.eclipse.e4.ui.workbench.addons.swt 1.4.500.v20221028-0801]
> Start Eclipse e4 작업영역 SWT 렌더러 [org.eclipse.e4.ui.workbench.renderers.swt 0.15.700.v20221024-2137]
> Start Eclipse Bindings Support [org.eclipse.e4.ui.bindings 0.13.200.v20221024-2137]
> Start Eclipse Dependency Injection Extensions [org.eclipse.e4.core.di.extensions 0.17.200.v20220613-1008]
> Start Eclipse CSS SWT Support [org.eclipse.e4.ui.css.swt 0.14.700.v20221102-0748]
> Start DBeaver UI [org.jkiss.dbeaver.ui 5.1.112.202301060755]
> Start Java Native Access [com.sun.jna 5.12.1.v20221103-2317]
Warning: NLS unused message: BlockedJobsDialog_UserInterfaceTreeElement in: org.eclipse.ui.internal.progress.messages
2023-01-18 15:37:58.434 - Configure workbench window
> Start 도움말 시스템 코어 [org.eclipse.help 3.9.100.v20210721-0601]
2023-01-18 15:37:58.594 - Create actions
2023-01-18 15:37:58.604 - Disable Eclipse action set 'org.eclipse.ui.edit.text.actionSet.annotationNavigation'
2023-01-18 15:37:58.604 - Disable Eclipse action set 'org.eclipse.ui.WorkingSetActionSet'
2023-01-18 15:37:58.604 - Disable Eclipse action set 'org.eclipse.ui.actionSet.openFiles'
2023-01-18 15:38:00.113 - Initialize workbench window
2023-01-18 15:38:00.116 - Finish initialization
> Start DBeaver UI Editors - Data [org.jkiss.dbeaver.ui.editors.data 1.0.97.202301060755]
> Start Equinox Java Authentication and Authorization Service (JAAS) [org.eclipse.equinox.security 1.3.1000.v20220801-1135]
> Start 인터넷 연결 관리 사용자 인터페이스 [org.eclipse.ui.net 1.4.100.v20220812-1406]
> Start Internet Connection Management [org.eclipse.core.net 1.4.0.v20220813-1037]
> Start Draw2d [org.eclipse.draw2dl 3.12.100.20221221122425]
> Start GEF3 GEF (MVC) [org.eclipse.gef3 3.12.100.20221221122425]
> Start DBeaver ERD UI [org.jkiss.dbeaver.erd.ui 3.0.57.202301060755]
> Start DBeaver ERD Model [org.jkiss.dbeaver.erd.model 1.0.57.202301060755]
> Start DBeaver SQL Model [org.jkiss.dbeaver.model.sql 1.0.87.202301060755]
Warning: NLS unused message: actions_navigator__objects in: org.jkiss.dbeaver.ui.editors.sql.internal.SQLEditorMessages
> Start DBeaver UI Editors - SQL [org.jkiss.dbeaver.ui.editors.sql 1.0.97.202301060755]
2023-01-18 15:38:01.245 - Total database drivers: 101 (101)
> Start 기본 문서 편집기 [org.eclipse.ui.editors 3.14.400.v20220730-1844]
> Start 텍스트 편집기 프레임워크 [org.eclipse.ui.workbench.texteditor 3.16.600.v20220809-1658]
> Start DBeaver Sample Database [org.jkiss.dbeaver.ext.sample.database 1.0.134.202301060755]
> Start DBeaver Tip of the day [org.jkiss.dbeaver.ext.ui.tipoftheday 1.0.103.202301060755]
2023-01-18 15:38:03.587 - Open [https://dbeaver.io/product/version.xml]
> Start DBeaver Generic Plug-in [org.jkiss.dbeaver.ext.generic 2.3.183.202301060755]
> Start DBeaver SQLite Support [org.jkiss.dbeaver.ext.sqlite 1.0.146.202301060755]
2023-01-18 15:59:36.902 - System suspend detected! Reinitialize all remote connections.
> Start DBeaver UI Editors - Connections [org.jkiss.dbeaver.ui.editors.connection 1.0.88.202301060755]
> Start DBeaver Oracle UI [org.jkiss.dbeaver.ext.oracle.ui 1.0.84.202301060755]
> Start DBeaver Oracle Support [org.jkiss.dbeaver.ext.oracle 2.1.182.202301060755]
2023-01-18 16:04:51.517 - Unrecognized Oracle client version at C:/GB_0900_KMG/dbms/oracle/resource/dbeaver/jre
2023-01-18 16:04:51.640 - Auth model 'native' was replaced by 'oracle_native'
2023-01-18 16:04:51.691 - Service 'org.jkiss.dbeaver.runtime.ui.UIServiceSecurity' not found
2023-01-18 16:12:02.700 - Auth model 'native' was replaced by 'oracle_native'
2023-01-18 16:12:02.706 - Service 'org.jkiss.dbeaver.runtime.ui.UIServiceSecurity' not found
2023-01-18 16:14:11.751 - Open [https://repo1.maven.org/maven2/com/oracle/database/jdbc/ojdbc8/12.2.0.1/ojdbc8-12.2.0.1.pom]
2023-01-18 16:14:12.467 - Open [https://repo1.maven.org/maven2/com/oracle/database/jdbc/ucp/12.2.0.1/ucp-12.2.0.1.pom]
2023-01-18 16:14:12.630 - Open [https://repo1.maven.org/maven2/com/oracle/database/security/oraclepki/12.2.0.1/oraclepki-12.2.0.1.pom]
2023-01-18 16:14:12.800 - Open [https://repo1.maven.org/maven2/com/oracle/database/security/osdt_cert/12.2.0.1/osdt_cert-12.2.0.1.pom]
2023-01-18 16:14:12.970 - Open [https://repo1.maven.org/maven2/com/oracle/database/security/osdt_core/12.2.0.1/osdt_core-12.2.0.1.pom]
2023-01-18 16:14:13.738 - Open [https://repo1.maven.org/maven2/com/oracle/database/ha/simplefan/12.2.0.1/simplefan-12.2.0.1.pom]
2023-01-18 16:14:13.933 - Open [https://repo1.maven.org/maven2/com/oracle/database/ha/ons/12.2.0.1/ons-12.2.0.1.pom]
2023-01-18 16:14:14.110 - Open [https://repo1.maven.org/maven2/com/oracle/database/nls/orai18n/12.2.0.1/orai18n-12.2.0.1.pom]
2023-01-18 16:14:14.296 - Open [https://repo1.maven.org/maven2/com/oracle/database/xml/xdb6/12.2.0.1/xdb6-12.2.0.1.pom]
2023-01-18 16:14:14.499 - Open [https://repo1.maven.org/maven2/com/oracle/database/xml/xmlparserv2/12.2.0.1/xmlparserv2-12.2.0.1.pom]
2023-01-18 16:14:26.378 - Can't load driver properties
org.jkiss.dbeaver.DBException: Error creating driver 'Oracle' instance.
Most likely required jar files are missing.
You should configure jars in driver settings.

Reason: can't load driver class 'oracle.jdbc.OracleDriver'
	at org.jkiss.dbeaver.registry.driver.DriverDescriptor.loadDriver(DriverDescriptor.java:1188)
	at org.jkiss.dbeaver.registry.driver.DriverDescriptor.loadDriver(DriverDescriptor.java:1122)
	at org.jkiss.dbeaver.registry.driver.DriverDescriptor.getDriverInstance(DriverDescriptor.java:675)
	at org.jkiss.dbeaver.model.impl.jdbc.JDBCDataSourceProvider.getConnectionProperties(JDBCDataSourceProvider.java:63)
	at org.jkiss.dbeaver.ui.dialogs.connection.ConnectionPropertiesControl.loadDriverProperties(ConnectionPropertiesControl.java:154)
	at org.jkiss.dbeaver.ui.dialogs.connection.ConnectionPropertiesControl.makeProperties(ConnectionPropertiesControl.java:76)
	at org.jkiss.dbeaver.ui.dialogs.connection.DriverPropertiesDialogPage.lambda$0(DriverPropertiesDialogPage.java:87)
	at org.jkiss.dbeaver.runtime.RunnableContextDelegate.lambda$0(RunnableContextDelegate.java:39)
	at org.eclipse.jface.operation.ModalContext$ModalContextThread.run(ModalContext.java:122)
Caused by: java.lang.ClassNotFoundException: oracle.jdbc.OracleDriver
	at java.base/java.net.URLClassLoader.findClass(Unknown Source)
	at java.base/java.lang.ClassLoader.loadClass(Unknown Source)
	at java.base/java.lang.ClassLoader.loadClass(Unknown Source)
	at java.base/java.lang.Class.forName0(Native Method)
	at java.base/java.lang.Class.forName(Unknown Source)
	at org.jkiss.dbeaver.registry.driver.DriverDescriptor.loadDriver(DriverDescriptor.java:1186)
	... 8 more
2023-01-18 16:18:55.975 - Connect with 'jdbc:oracle:thin:@//192.168.181.172:1521/XE' (oracle_thin-185c3bebea9-5a3da3cec95c369)
2023-01-18 16:18:56.028 - Execution context opened (jdbc:oracle:thin:@//192.168.181.172:1521/XE; Main; 0)
2023-01-18 16:18:56.707 - Connected (oracle_thin-185c3bebea9-5a3da3cec95c369, Oracle JDBC driver [11.2.0.2.0])
2023-01-18 16:18:56.775 - Execution context closed (jdbc:oracle:thin:@//192.168.181.172:1521/XE, 0)
2023-01-18 16:18:56.775 - Disconnected (oracle_thin-185c3bebea9-5a3da3cec95c369)
2023-01-18 16:20:46.255 - Connect with 'jdbc:oracle:thin:@//localhost:1521/XE' (oracle_thin-185c3c06d6f-7bc00a31632e784d)
2023-01-18 16:20:46.255 - Execution context opened (jdbc:oracle:thin:@//localhost:1521/XE; Main; 1)
2023-01-18 16:20:46.305 - Connected (oracle_thin-185c3c06d6f-7bc00a31632e784d, Oracle JDBC driver [11.2.0.2.0])
2023-01-18 16:20:46.362 - Execution context closed (jdbc:oracle:thin:@//localhost:1521/XE, 1)
2023-01-18 16:20:46.363 - Disconnected (oracle_thin-185c3c06d6f-7bc00a31632e784d)
2023-01-18 16:20:50.391 - Connect with 'jdbc:oracle:thin:@//localhost:1521/XE' (oracle_thin-185c3c07d98-13257cd388425ee)
2023-01-18 16:20:50.391 - Execution context opened (jdbc:oracle:thin:@//localhost:1521/XE; Main; 2)
2023-01-18 16:20:50.452 - Connected (oracle_thin-185c3c07d98-13257cd388425ee, Oracle JDBC driver [11.2.0.2.0])
2023-01-18 16:20:50.515 - Execution context closed (jdbc:oracle:thin:@//localhost:1521/XE, 2)
2023-01-18 16:20:50.516 - Disconnected (oracle_thin-185c3c07d98-13257cd388425ee)
2023-01-18 16:21:02.474 - Connect with 'localhost' (oracle_thin-185c3b87026-2ecb3e8ce58353e7)
2023-01-18 16:21:02.474 - Execution context opened (localhost; Main; 3)
2023-01-18 16:21:02.494 - Execution context opened (localhost; Metadata; 4)
2023-01-18 16:21:02.535 - Connected (oracle_thin-185c3b87026-2ecb3e8ce58353e7, Oracle JDBC driver [11.2.0.2.0])
> Start ICU4J Base [com.ibm.icu.base 58.2.0.v20170418-1837]
2023-01-18 16:22:14.648 - Can't get column 'PLUGGED_IN': 부적합한 열 이름
Warning: NLS unused message: pref_page_database_resultsets_group_image in: org.jkiss.dbeaver.ui.editors.data.internal.DataEditorsResources
2023-01-18 16:24:06.710 - Can't get column 'DATA_DEFAULT': 스트림이 이미 종료되었습니다
2023-01-18 16:24:06.867 - Can't get column 'COLUMN_NAMES_NUMS': 부적합한 열 이름
2023-01-18 16:24:06.873 - Object 'BIN$7d4D1WdQSpGDxtqM2N7Y5g==$0' owner 'BIN$T7f8RmgRR5udFs0Z6wFW6A==$0' not found
2023-01-18 16:24:06.873 - Object 'BIN$9PS/Cz2/S2ibVFjQTllGDw==$0' owner 'BIN$T7f8RmgRR5udFs0Z6wFW6A==$0' not found
2023-01-18 16:24:06.873 - Object 'BIN$Rhvg8xEsTqCwwxR9VtQYnQ==$0' owner 'BIN$lNEH4ZLvSGmEleAW+I7B7g==$0' not found
2023-01-18 16:24:06.873 - Object 'BIN$Y5K0oO5qS/SwuDB3GPpMyg==$0' owner 'BIN$5ZhIwCnGTN6iLpDO58Meng==$0' not found
2023-01-18 16:24:06.873 - Object 'BIN$Y6Nz919iSkWhwtItkkfqTA==$0' owner 'BIN$9z73v7rlQ163L7b5QKvYbg==$0' not found
2023-01-18 16:24:06.873 - Object 'BIN$ZuBHjTUSScenDoDyL941ag==$0' owner 'BIN$T7f8RmgRR5udFs0Z6wFW6A==$0' not found
2023-01-18 16:24:06.873 - Object 'BIN$dXxKt3+TTlKFOcW/hkJnkQ==$0' owner 'BIN$b6a+FLzXQN20C+JVPnTZQQ==$0' not found
2023-01-18 16:24:06.873 - Object 'BIN$dvvCbjrBRvWeKJPpr8TTrA==$0' owner 'BIN$bQDaWKAASqu0KLopTt5ivQ==$0' not found
2023-01-18 16:24:06.873 - Object 'BIN$iDRUlpfNQ7eIwWj+mEC/QA==$0' owner 'BIN$5aDmWyQyTD+jzke76qAPTw==$0' not found
2023-01-18 16:24:06.873 - Object 'BIN$njNDoggLQzK+I5QZ/bAkDQ==$0' owner 'BIN$YW8Qt21WTtuq7h6ve9eQFA==$0' not found
2023-01-18 16:24:06.873 - Object 'BIN$v6u/pw/OR92BPJoWQaN/3w==$0' owner 'BIN$T7f8RmgRR5udFs0Z6wFW6A==$0' not found
> Start 핵심 비교 지원 [org.eclipse.compare.core 3.7.100.v20220812-1406]
> Start 콘솔 [org.eclipse.ui.console 3.11.400.v20221012-0524]
Warning: NLS unused message: InputStreamMonitor_label in: org.eclipse.debug.internal.core.DebugCoreMessages
Warning: NLS unused message: OutputStreamMonitor_label in: org.eclipse.debug.internal.core.DebugCoreMessages
> Start 디버그 핵심 [org.eclipse.debug.core 3.20.0.v20220811-0741]
2023-01-18 16:50:07.265 - Execution context opened (localhost; SQLEditor <Script-1.sql>; 5)
2023-01-18 16:50:11.167 - Execution context closed (localhost, 5)
2023-01-18 16:50:20.295 - No active connection
2023-01-18 16:51:09.723 - No active connection
2023-01-18 16:51:16.483 - Execution context opened (localhost; SQLEditor <day01.sql>; 6)
2023-01-18 17:15:52.401 - Error binding callable statement parameters from metadata: 지원되지 않는 기능입니다
2023-01-18 17:15:52.401 - Error obtaining output parameters from metadata: 지원되지 않는 기능입니다
2023-01-18 17:15:52.401 - Can't obtain procedure metadata nor jdbc metadata
2023-01-18 17:15:52.697 - SQL Error [936] [42000]: ORA-00936: missing expression


Error position: line: 1 pos: 7
org.jkiss.dbeaver.model.sql.DBSQLException: SQL Error [936] [42000]: ORA-00936: missing expression

	at org.jkiss.dbeaver.model.impl.jdbc.exec.JDBCStatementImpl.executeStatement(JDBCStatementImpl.java:133)
	at org.jkiss.dbeaver.ui.editors.sql.execute.SQLQueryJob.executeStatement(SQLQueryJob.java:582)
	at org.jkiss.dbeaver.ui.editors.sql.execute.SQLQueryJob.lambda$1(SQLQueryJob.java:491)
	at org.jkiss.dbeaver.model.exec.DBExecUtils.tryExecuteRecover(DBExecUtils.java:173)
	at org.jkiss.dbeaver.ui.editors.sql.execute.SQLQueryJob.executeSingleQuery(SQLQueryJob.java:498)
	at org.jkiss.dbeaver.ui.editors.sql.execute.SQLQueryJob.extractData(SQLQueryJob.java:917)
	at org.jkiss.dbeaver.ui.editors.sql.SQLEditor$QueryResultsContainer.readData(SQLEditor.java:3794)
	at org.jkiss.dbeaver.ui.controls.resultset.ResultSetJobDataRead.lambda$0(ResultSetJobDataRead.java:123)
	at org.jkiss.dbeaver.model.exec.DBExecUtils.tryExecuteRecover(DBExecUtils.java:173)
	at org.jkiss.dbeaver.ui.controls.resultset.ResultSetJobDataRead.run(ResultSetJobDataRead.java:121)
	at org.jkiss.dbeaver.ui.controls.resultset.ResultSetViewer$ResultSetDataPumpJob.run(ResultSetViewer.java:5061)
	at org.jkiss.dbeaver.model.runtime.AbstractJob.run(AbstractJob.java:105)
	at org.eclipse.core.internal.jobs.Worker.run(Worker.java:63)
Caused by: java.sql.SQLSyntaxErrorException: ORA-00936: missing expression

	at oracle.jdbc.driver.T4CTTIoer.processError(T4CTTIoer.java:440)
	at oracle.jdbc.driver.T4CTTIoer.processError(T4CTTIoer.java:396)
	at oracle.jdbc.driver.T4C8Oall.processError(T4C8Oall.java:837)
	at oracle.jdbc.driver.T4CTTIfun.receive(T4CTTIfun.java:445)
	at oracle.jdbc.driver.T4CTTIfun.doRPC(T4CTTIfun.java:191)
	at oracle.jdbc.driver.T4C8Oall.doOALL(T4C8Oall.java:523)
	at oracle.jdbc.driver.T4CStatement.doOall8(T4CStatement.java:193)
	at oracle.jdbc.driver.T4CStatement.executeForDescribe(T4CStatement.java:848)
	at oracle.jdbc.driver.OracleStatement.executeMaybeDescribe(OracleStatement.java:1153)
	at oracle.jdbc.driver.OracleStatement.doExecuteWithTimeout(OracleStatement.java:1275)
	at oracle.jdbc.driver.OracleStatement.executeInternal(OracleStatement.java:1890)
	at oracle.jdbc.driver.OracleStatement.execute(OracleStatement.java:1855)
	at oracle.jdbc.driver.OracleStatementWrapper.execute(OracleStatementWrapper.java:304)
	at org.jkiss.dbeaver.model.impl.jdbc.exec.JDBCStatementImpl.execute(JDBCStatementImpl.java:329)
	at org.jkiss.dbeaver.model.impl.jdbc.exec.JDBCStatementImpl.lambda$0(JDBCStatementImpl.java:131)
	at org.jkiss.dbeaver.utils.SecurityManagerUtils.wrapDriverActions(SecurityManagerUtils.java:96)
	at org.jkiss.dbeaver.model.impl.jdbc.exec.JDBCStatementImpl.executeStatement(JDBCStatementImpl.java:131)
	... 12 more
2023-01-18 17:17:11.477 - SQL Error [923] [42000]: ORA-00923: FROM keyword not found where expected

org.jkiss.dbeaver.model.sql.DBSQLException: SQL Error [923] [42000]: ORA-00923: FROM keyword not found where expected

	at org.jkiss.dbeaver.model.impl.jdbc.exec.JDBCStatementImpl.executeStatement(JDBCStatementImpl.java:133)
	at org.jkiss.dbeaver.ui.editors.sql.execute.SQLQueryJob.executeStatement(SQLQueryJob.java:582)
	at org.jkiss.dbeaver.ui.editors.sql.execute.SQLQueryJob.lambda$1(SQLQueryJob.java:491)
	at org.jkiss.dbeaver.model.exec.DBExecUtils.tryExecuteRecover(DBExecUtils.java:173)
	at org.jkiss.dbeaver.ui.editors.sql.execute.SQLQueryJob.executeSingleQuery(SQLQueryJob.java:498)
	at org.jkiss.dbeaver.ui.editors.sql.execute.SQLQueryJob.extractData(SQLQueryJob.java:917)
	at org.jkiss.dbeaver.ui.editors.sql.SQLEditor$QueryResultsContainer.readData(SQLEditor.java:3794)
	at org.jkiss.dbeaver.ui.controls.resultset.ResultSetJobDataRead.lambda$0(ResultSetJobDataRead.java:123)
	at org.jkiss.dbeaver.model.exec.DBExecUtils.tryExecuteRecover(DBExecUtils.java:173)
	at org.jkiss.dbeaver.ui.controls.resultset.ResultSetJobDataRead.run(ResultSetJobDataRead.java:121)
	at org.jkiss.dbeaver.ui.controls.resultset.ResultSetViewer$ResultSetDataPumpJob.run(ResultSetViewer.java:5061)
	at org.jkiss.dbeaver.model.runtime.AbstractJob.run(AbstractJob.java:105)
	at org.eclipse.core.internal.jobs.Worker.run(Worker.java:63)
Caused by: java.sql.SQLSyntaxErrorException: ORA-00923: FROM keyword not found where expected

	at oracle.jdbc.driver.T4CTTIoer.processError(T4CTTIoer.java:440)
	at oracle.jdbc.driver.T4CTTIoer.processError(T4CTTIoer.java:396)
	at oracle.jdbc.driver.T4C8Oall.processError(T4C8Oall.java:837)
	at oracle.jdbc.driver.T4CTTIfun.receive(T4CTTIfun.java:445)
	at oracle.jdbc.driver.T4CTTIfun.doRPC(T4CTTIfun.java:191)
	at oracle.jdbc.driver.T4C8Oall.doOALL(T4C8Oall.java:523)
	at oracle.jdbc.driver.T4CStatement.doOall8(T4CStatement.java:193)
	at oracle.jdbc.driver.T4CStatement.executeForDescribe(T4CStatement.java:848)
	at oracle.jdbc.driver.OracleStatement.executeMaybeDescribe(OracleStatement.java:1153)
	at oracle.jdbc.driver.OracleStatement.doExecuteWithTimeout(OracleStatement.java:1275)
	at oracle.jdbc.driver.OracleStatement.executeInternal(OracleStatement.java:1890)
	at oracle.jdbc.driver.OracleStatement.execute(OracleStatement.java:1855)
	at oracle.jdbc.driver.OracleStatementWrapper.execute(OracleStatementWrapper.java:304)
	at org.jkiss.dbeaver.model.impl.jdbc.exec.JDBCStatementImpl.execute(JDBCStatementImpl.java:329)
	at org.jkiss.dbeaver.model.impl.jdbc.exec.JDBCStatementImpl.lambda$0(JDBCStatementImpl.java:131)
	at org.jkiss.dbeaver.utils.SecurityManagerUtils.wrapDriverActions(SecurityManagerUtils.java:96)
	at org.jkiss.dbeaver.model.impl.jdbc.exec.JDBCStatementImpl.executeStatement(JDBCStatementImpl.java:131)
	... 12 more
2023-01-18 17:17:11.603 - Error binding callable statement parameters from metadata: 지원되지 않는 기능입니다
2023-01-18 17:17:11.603 - Error obtaining output parameters from metadata: 지원되지 않는 기능입니다
2023-01-18 17:17:11.603 - Can't obtain procedure metadata nor jdbc metadata
2023-01-18 17:17:14.242 - SQL Error [923] [42000]: ORA-00923: FROM keyword not found where expected

org.jkiss.dbeaver.model.sql.DBSQLException: SQL Error [923] [42000]: ORA-00923: FROM keyword not found where expected

	at org.jkiss.dbeaver.model.impl.jdbc.exec.JDBCStatementImpl.executeStatement(JDBCStatementImpl.java:133)
	at org.jkiss.dbeaver.ui.editors.sql.execute.SQLQueryJob.executeStatement(SQLQueryJob.java:582)
	at org.jkiss.dbeaver.ui.editors.sql.execute.SQLQueryJob.lambda$1(SQLQueryJob.java:491)
	at org.jkiss.dbeaver.model.exec.DBExecUtils.tryExecuteRecover(DBExecUtils.java:173)
	at org.jkiss.dbeaver.ui.editors.sql.execute.SQLQueryJob.executeSingleQuery(SQLQueryJob.java:498)
	at org.jkiss.dbeaver.ui.editors.sql.execute.SQLQueryJob.extractData(SQLQueryJob.java:917)
	at org.jkiss.dbeaver.ui.editors.sql.SQLEditor$QueryResultsContainer.readData(SQLEditor.java:3794)
	at org.jkiss.dbeaver.ui.controls.resultset.ResultSetJobDataRead.lambda$0(ResultSetJobDataRead.java:123)
	at org.jkiss.dbeaver.model.exec.DBExecUtils.tryExecuteRecover(DBExecUtils.java:173)
	at org.jkiss.dbeaver.ui.controls.resultset.ResultSetJobDataRead.run(ResultSetJobDataRead.java:121)
	at org.jkiss.dbeaver.ui.controls.resultset.ResultSetViewer$ResultSetDataPumpJob.run(ResultSetViewer.java:5061)
	at org.jkiss.dbeaver.model.runtime.AbstractJob.run(AbstractJob.java:105)
	at org.eclipse.core.internal.jobs.Worker.run(Worker.java:63)
Caused by: java.sql.SQLSyntaxErrorException: ORA-00923: FROM keyword not found where expected

	at oracle.jdbc.driver.T4CTTIoer.processError(T4CTTIoer.java:440)
	at oracle.jdbc.driver.T4CTTIoer.processError(T4CTTIoer.java:396)
	at oracle.jdbc.driver.T4C8Oall.processError(T4C8Oall.java:837)
	at oracle.jdbc.driver.T4CTTIfun.receive(T4CTTIfun.java:445)
	at oracle.jdbc.driver.T4CTTIfun.doRPC(T4CTTIfun.java:191)
	at oracle.jdbc.driver.T4C8Oall.doOALL(T4C8Oall.java:523)
	at oracle.jdbc.driver.T4CStatement.doOall8(T4CStatement.java:193)
	at oracle.jdbc.driver.T4CStatement.executeForDescribe(T4CStatement.java:848)
	at oracle.jdbc.driver.OracleStatement.executeMaybeDescribe(OracleStatement.java:1153)
	at oracle.jdbc.driver.OracleStatement.doExecuteWithTimeout(OracleStatement.java:1275)
	at oracle.jdbc.driver.OracleStatement.executeInternal(OracleStatement.java:1890)
	at oracle.jdbc.driver.OracleStatement.execute(OracleStatement.java:1855)
	at oracle.jdbc.driver.OracleStatementWrapper.execute(OracleStatementWrapper.java:304)
	at org.jkiss.dbeaver.model.impl.jdbc.exec.JDBCStatementImpl.execute(JDBCStatementImpl.java:329)
	at org.jkiss.dbeaver.model.impl.jdbc.exec.JDBCStatementImpl.lambda$0(JDBCStatementImpl.java:131)
	at org.jkiss.dbeaver.utils.SecurityManagerUtils.wrapDriverActions(SecurityManagerUtils.java:96)
	at org.jkiss.dbeaver.model.impl.jdbc.exec.JDBCStatementImpl.executeStatement(JDBCStatementImpl.java:131)
	... 12 more
2023-01-18 17:17:14.359 - Error binding callable statement parameters from metadata: 지원되지 않는 기능입니다
2023-01-18 17:17:14.359 - Error obtaining output parameters from metadata: 지원되지 않는 기능입니다
2023-01-18 17:17:14.359 - Can't obtain procedure metadata nor jdbc metadata
2023-01-18 17:39:27.411 - SQL Error [904] [42000]: ORA-00904: : invalid identifier

org.jkiss.dbeaver.model.sql.DBSQLException: SQL Error [904] [42000]: ORA-00904: : invalid identifier

	at org.jkiss.dbeaver.model.impl.jdbc.exec.JDBCStatementImpl.executeStatement(JDBCStatementImpl.java:133)
	at org.jkiss.dbeaver.ui.editors.sql.execute.SQLQueryJob.executeStatement(SQLQueryJob.java:582)
	at org.jkiss.dbeaver.ui.editors.sql.execute.SQLQueryJob.lambda$1(SQLQueryJob.java:491)
	at org.jkiss.dbeaver.model.exec.DBExecUtils.tryExecuteRecover(DBExecUtils.java:173)
	at org.jkiss.dbeaver.ui.editors.sql.execute.SQLQueryJob.executeSingleQuery(SQLQueryJob.java:498)
	at org.jkiss.dbeaver.ui.editors.sql.execute.SQLQueryJob.extractData(SQLQueryJob.java:917)
	at org.jkiss.dbeaver.ui.editors.sql.SQLEditor$QueryResultsContainer.readData(SQLEditor.java:3794)
	at org.jkiss.dbeaver.ui.controls.resultset.ResultSetJobDataRead.lambda$0(ResultSetJobDataRead.java:123)
	at org.jkiss.dbeaver.model.exec.DBExecUtils.tryExecuteRecover(DBExecUtils.java:173)
	at org.jkiss.dbeaver.ui.controls.resultset.ResultSetJobDataRead.run(ResultSetJobDataRead.java:121)
	at org.jkiss.dbeaver.ui.controls.resultset.ResultSetViewer$ResultSetDataPumpJob.run(ResultSetViewer.java:5061)
	at org.jkiss.dbeaver.model.runtime.AbstractJob.run(AbstractJob.java:105)
	at org.eclipse.core.internal.jobs.Worker.run(Worker.java:63)
Caused by: java.sql.SQLSyntaxErrorException: ORA-00904: : invalid identifier

	at oracle.jdbc.driver.T4CTTIoer.processError(T4CTTIoer.java:440)
	at oracle.jdbc.driver.T4CTTIoer.processError(T4CTTIoer.java:396)
	at oracle.jdbc.driver.T4C8Oall.processError(T4C8Oall.java:837)
	at oracle.jdbc.driver.T4CTTIfun.receive(T4CTTIfun.java:445)
	at oracle.jdbc.driver.T4CTTIfun.doRPC(T4CTTIfun.java:191)
	at oracle.jdbc.driver.T4C8Oall.doOALL(T4C8Oall.java:523)
	at oracle.jdbc.driver.T4CStatement.doOall8(T4CStatement.java:193)
	at oracle.jdbc.driver.T4CStatement.executeForRows(T4CStatement.java:999)
	at oracle.jdbc.driver.OracleStatement.doExecuteWithTimeout(OracleStatement.java:1315)
	at oracle.jdbc.driver.OracleStatement.executeInternal(OracleStatement.java:1890)
	at oracle.jdbc.driver.OracleStatement.execute(OracleStatement.java:1855)
	at oracle.jdbc.driver.OracleStatementWrapper.execute(OracleStatementWrapper.java:304)
	at org.jkiss.dbeaver.model.impl.jdbc.exec.JDBCStatementImpl.execute(JDBCStatementImpl.java:329)
	at org.jkiss.dbeaver.model.impl.jdbc.exec.JDBCStatementImpl.lambda$0(JDBCStatementImpl.java:131)
	at org.jkiss.dbeaver.utils.SecurityManagerUtils.wrapDriverActions(SecurityManagerUtils.java:96)
	at org.jkiss.dbeaver.model.impl.jdbc.exec.JDBCStatementImpl.executeStatement(JDBCStatementImpl.java:131)
	... 12 more
2023-01-18 17:39:27.548 - Error binding callable statement parameters from metadata: 지원되지 않는 기능입니다
2023-01-18 17:39:27.548 - Error obtaining output parameters from metadata: 지원되지 않는 기능입니다
2023-01-18 17:39:27.548 - Can't obtain procedure metadata nor jdbc metadata
2023-01-18 17:42:07.595 - Execution context closed (localhost, 6)
2023-01-18 17:42:07.778 - DBeaver is stopping
2023-01-18 17:42:07.778 - Stop RMI server
2023-01-18 17:42:07.778 - RMI controller has been stopped
2023-01-18 17:42:07.788 - DBeaver shutdown completed
